<?xml version="1.0" encoding="UTF-8"?>
<!-- Generated by org.testng.reporters.JUnitXMLReporter -->
<testsuite ignored="0" hostname="LAPTOP-V5RFMVD9" failures="0" tests="3" name="Default test" time="4.315" errors="0" timestamp="2025-02-08T19:50:42 IST">
  <testcase classname="TestData.dynamicJson" name="addBooks" time="4.032"/>
  <testcase classname="TestData.dynamicJson" name="addBooks" time="0.116"/>
  <testcase classname="TestData.dynamicJson" name="addBooks" time="0.098"/>
</testsuite> <!-- Default test -->
