<?xml version="1.0" encoding="UTF-8"?>
<testng-results ignored="0" total="3" passed="3" failed="0" skipped="0">
  <reporter-output>
  </reporter-output>
  <suite started-at="2025-02-08T19:50:38 IST" name="Default suite" finished-at="2025-02-08T19:50:42 IST" duration-ms="4315">
    <groups>
    </groups>
    <test started-at="2025-02-08T19:50:38 IST" name="Default test" finished-at="2025-02-08T19:50:42 IST" duration-ms="4315">
      <class name="TestData.dynamicJson">
        <test-method signature="addBooks(java.lang.String,java.lang.String)[pri:0, instance:TestData.dynamicJson@55183b20]" started-at="2025-02-08T19:50:38 IST" name="addBooks" data-provider="TestData" finished-at="2025-02-08T19:50:42 IST" duration-ms="4032" status="PASS">
          <params>
            <param index="0">
              <value>
                <![CDATA[awse]]>
              </value>
            </param>
            <param index="1">
              <value>
                <![CDATA[4536]]>
              </value>
            </param>
          </params>
          <reporter-output>
          </reporter-output>
        </test-method> <!-- addBooks -->
        <test-method signature="addBooks(java.lang.String,java.lang.String)[pri:0, instance:TestData.dynamicJson@55183b20]" started-at="2025-02-08T19:50:42 IST" name="addBooks" data-provider="TestData" finished-at="2025-02-08T19:50:42 IST" duration-ms="116" status="PASS">
          <params>
            <param index="0">
              <value>
                <![CDATA[edrf]]>
              </value>
            </param>
            <param index="1">
              <value>
                <![CDATA[5478]]>
              </value>
            </param>
          </params>
          <reporter-output>
          </reporter-output>
        </test-method> <!-- addBooks -->
        <test-method signature="addBooks(java.lang.String,java.lang.String)[pri:0, instance:TestData.dynamicJson@55183b20]" started-at="2025-02-08T19:50:42 IST" name="addBooks" data-provider="TestData" finished-at="2025-02-08T19:50:42 IST" duration-ms="98" status="PASS">
          <params>
            <param index="0">
              <value>
                <![CDATA[edcv]]>
              </value>
            </param>
            <param index="1">
              <value>
                <![CDATA[5621]]>
              </value>
            </param>
          </params>
          <reporter-output>
          </reporter-output>
        </test-method> <!-- addBooks -->
      </class> <!-- TestData.dynamicJson -->
    </test> <!-- Default test -->
  </suite> <!-- Default suite -->
</testng-results>
